p/ia_10250.jpeg 1 0 0 3024 4032
p/ia_10256.png 1 0 0 128 128
p/ia_10255.jpg 1 0 0 2000 2000
p/ia_10234.jpg 1 0 0 3461 3461
p/ia_10246.jpg 1 0 0 3024 4032
p/ia_100000001103.jpg 1 0 0 2657 3000
p/ia_100000001181.jpeg 1 0 0 2560 2560
p/ia_10232.png 1 0 0 2352 1512
p/ia_100000001081.jpg 1 0 0 4032 3024
p/ia_100000001163.jpg 1 0 0 4096 3072
p/ia_100000001202.jpg 1 0 0 3461 3461
p/ia_100000001198.png 1 0 0 2352 1512
p/ia_100000001183.jpg 1 0 0 4500 4500
p/ia_10244.jpg 1 0 0 1600 1600
p/ia_100000001165.jpg 1 0 0 2400 2400
p/ia_10253.jpg 1 0 0 1400 1400
p/ia_100000001138.JPG 1 0 0 800 800
p/ia_100000001152.jpeg 1 0 0 1920 1080
p/ia_100000001169.jpg 1 0 0 1920 1080
p/ia_100000001130.jpg 1 0 0 1200 800
p/ia_100000001144.jpg 1 0 0 1400 1400
p/ia_100000001154.jpg 1 0 0 750 1000
p/ia_10252.jpg 1 0 0 2400 1600
p/ia_100000001117.jpg 1 0 0 1996 1200
p/ia_100000001132.jpg 1 0 0 1280 959
p/ia_100000001083.jpg 1 0 0 1200 1600
p/ia_10241.png 1 0 0 1500 1000
p/ia_10231.JPG 1 0 0 800 800
p/ia_100000001096.png 1 0 0 1024 1024
p/ia_100000001115.png 1 0 0 1024 1024
p/ia_100000001099.jpg 1 0 0 2560 1920
p/ia_100000001134.jpg 1 0 0 1593 998
p/ia_100000001175.png 1 0 0 2000 2000
p/ia_100000001089.jpg 1 0 0 1080 1920
p/ia_100000001177.jpg 1 0 0 2560 1920
p/ia_100000001192.jpg 1 0 0 2560 1920
p/ia_100000001128.jpeg 1 0 0 2560 2560
p/ia_100000001206.jpeg 1 0 0 1280 853
p/ia_10236.jpeg 1 0 0 1280 853
p/ia_10248.jpg 1 0 0 1080 1080
p/ia_100000001196.JPG 1 0 0 800 800
p/ia_100000001077.png 1 0 0 1500 1000
p/ia_10247.jpg 1 0 0 1400 1400
p/ia_10254.png 1 0 0 24 24
p/ia_10251.png 1 0 0 250 334
p/ia_10249.jpg 1 0 0 750 1000
p/ia_10243.jpg 1 0 0 2500 2500
p/ia_10242.jpg 1 0 0 1280 720
p/ia_10240.jpg 1 0 0 750 1000
p/ia_10238.jpg 1 0 0 1001 1001
p/ia_10237.jpg 1 0 0 1201 681
p/ia_10235.jpg 1 0 0 500 500
p/ia_10233.png 1 0 0 1640 924
p/ia_100000001210.jpg 1 0 0 1001 1001
p/ia_100000001208.jpg 1 0 0 1201 681
p/ia_100000001203.jpg 1 0 0 500 500
p/ia_100000001200.png 1 0 0 1640 924
p/ia_100000001194.jpg 1 0 0 885 462
p/ia_100000001189.png 1 0 0 1780 1921
p/ia_100000001187.jpg 1 0 0 640 480
p/ia_100000001185.jpg 1 0 0 250 167
p/ia_100000001179.jpg 1 0 0 450 320
p/ia_100000001167.jpg 1 0 0 570 570
p/ia_100000001159.png 1 0 0 1200 630
p/ia_100000001157.jpg 1 0 0 525 525
p/ia_100000001146.jpg 1 0 0 1280 720
p/ia_100000001150.jpg 1 0 0 750 1000
p/ia_100000001148.jpg 1 0 0 1001 1001
p/ia_100000001142.jpg 1 0 0 379 505
p/ia_100000001140.jpg 1 0 0 564 561
p/ia_100000001136.jpg 1 0 0 500 500
p/ia_100000001125.jpg 1 0 0 1300 956
p/ia_100000001123.png 1 0 0 1124 720
p/ia_100000001119.jpeg 1 0 0 1920 1080
p/ia_100000001113.jpg 1 0 0 1300 956
p/ia_100000001111.jpg 1 0 0 576 576
p/ia_100000001109.jpg 1 0 0 400 400
p/ia_100000001107.jpg 1 0 0 1280 720
p/ia_100000001105.png 1 0 0 498 498
p/ia_100000001100.png 1 0 0 746 746
p/ia_100000001094.jpg 1 0 0 1600 1160
p/ia_100000001085.jpg 1 0 0 750 1000
p/ia_100000001078.jpg 1 0 0 864 865
p/ia_100000001075.png 1 0 0 370 370
p/ia_400000256.png 1 0 0 188 64
p/ia_400000214.jpg 1 0 0 168 299
p/ia_400000254.png 1 0 0 18 18
p/ia_400000246.png 1 0 0 16 16
p/ia_400000244.png 1 0 0 16 16
p/ia_400000242.png 1 0 0 16 16
p/ia_400000240.png 1 0 0 16 16
p/ia_400000235.png 1 0 0 16 16
p/ia_400000233.png 1 0 0 16 16
p/ia_400000231.png 1 0 0 16 16
p/ia_400000229.png 1 0 0 16 16
p/ia_400000227.png 1 0 0 16 16
p/ia_400000225.png 1 0 0 16 16
p/ia_400000223.png 1 0 0 16 16
p/ia_400000221.png 1 0 0 16 13
p/ia_400000219.png 1 0 0 16 16
p/ia_400000218.jpg 1 0 0 194 259
p/ia_400000217.png 1 0 0 16 16
p/ia_400000216.jpg 1 0 0 259 194
p/ia_400000215.png 1 0 0 16 16
p/ia_400000212.jpg 1 0 0 196 257
p/ia_400000213.jpeg 1 0 0 16 16
p/ia_400000208.jpg 1 0 0 225 225
p/ia_400000211.png 1 0 0 16 16
p/ia_400000210.jpg 1 0 0 264 191
p/ia_400000209.png 1 0 0 16 16
p/ia_400000206.jpg 1 0 0 225 225
p/ia_400000207.png 1 0 0 16 16
p/ia_400000204.jpg 1 0 0 259 194
p/ia_400000205.png 1 0 0 16 16
p/ia_400000202.jpg 1 0 0 211 239
p/ia_400000203.png 1 0 0 16 16
p/ia_400000200.jpg 1 0 0 225 225
p/ia_400000196.jpg 1 0 0 225 225
p/ia_400000199.png 1 0 0 16 16
p/ia_400000198.jpg 1 0 0 300 168
p/ia_400000197.png 1 0 0 16 16
p/ia_400000194.jpg 1 0 0 225 225
p/ia_400000195.png 1 0 0 16 16
p/ia_400000192.jpg 1 0 0 252 200
p/ia_400000188.jpg 1 0 0 225 225
p/ia_400000191.png 1 0 0 16 16
p/ia_400000190.jpg 1 0 0 262 192
p/ia_400000183.jpg 1 0 0 290 174
p/ia_400000187.jpg 1 0 0 50 50
p/ia_400000186.jpg 1 0 0 50 50
p/ia_400000185.jpg 1 0 0 50 50
p/ia_400000184.png 1 0 0 16 16
p/ia_400000179.jpg 1 0 0 259 194
p/ia_400000182.png 1 0 0 16 16
p/ia_400000181.jpg 1 0 0 300 168
p/ia_400000177.jpg 1 0 0 281 180
p/ia_400000178.png 1 0 0 16 16
p/ia_400000171.jpg 1 0 0 275 183
p/ia_400000176.png 1 0 0 16 16
p/ia_400000175.jpg 1 0 0 262 192
p/ia_400000174.png 1 0 0 16 16
p/ia_400000173.jpg 1 0 0 225 225
p/ia_400000172.jpeg 1 0 0 16 16
p/ia_400000167.jpg 1 0 0 259 194
p/ia_400000169.jpg 1 0 0 189 267
p/ia_400000168.jpeg 1 0 0 16 16
p/ia_400000165.jpg 1 0 0 284 178
p/ia_400000166.png 1 0 0 16 16
p/ia_400000161.jpg 1 0 0 225 225
p/ia_400000163.jpg 1 0 0 225 225
p/ia_400000162.png 1 0 0 16 16
p/ia_400000159.jpg 1 0 0 225 224
p/ia_400000160.png 1 0 0 14 16
p/ia_400000157.jpg 1 0 0 194 259
p/ia_400000153.jpg 1 0 0 300 168
p/ia_400000156.png 1 0 0 16 16
p/ia_400000155.jpg 1 0 0 225 225
p/ia_400000154.png 1 0 0 16 16
p/ia_400000151.jpg 1 0 0 225 225
p/ia_400000149.jpg 1 0 0 194 259
p/ia_400000145.jpg 1 0 0 194 259
p/ia_400000147.jpg 1 0 0 300 168
p/ia_400000143.jpg 1 0 0 225 225
p/ia_400000144.png 1 0 0 16 16
p/ia_400000141.jpg 1 0 0 310 163
p/ia_400000142.png 1 0 0 16 16
p/ia_400000139.jpg 1 0 0 259 194
p/ia_400000137.jpg 1 0 0 225 225
p/ia_400000138.png 1 0 0 16 16
p/ia_400000132.jpg 1 0 0 225 225
p/ia_400000136.jpg 1 0 0 50 50
p/ia_400000135.jpg 1 0 0 50 50
p/ia_400000134.jpg 1 0 0 50 50
p/ia_400000130.jpg 1 0 0 300 168
p/ia_400000131.png 1 0 0 16 16
p/ia_400000128.jpg 1 0 0 225 225
p/ia_400000129.png 1 0 0 16 16
p/ia_400000122.jpg 1 0 0 225 225
p/ia_400000127.png 1 0 0 16 16
p/ia_400000126.jpg 1 0 0 225 225
p/ia_400000125.png 1 0 0 16 16
p/ia_400000124.jpg 1 0 0 225 225
p/ia_400000118.jpg 1 0 0 194 259
p/ia_400000120.jpg 1 0 0 225 225
p/ia_400000116.jpg 1 0 0 300 168
p/ia_400000117.png 1 0 0 16 16
p/ia_400000114.jpg 1 0 0 259 194
p/ia_400000112.jpg 1 0 0 225 225
p/ia_400000108.jpg 1 0 0 225 225
p/ia_400000110.jpg 1 0 0 266 189
p/ia_400000104.jpg 1 0 0 250 167
p/ia_400000106.jpg 1 0 0 225 225
p/ia_400000105.png 1 0 0 16 16
p/ia_400000102.jpg 1 0 0 259 194
p/ia_400000098.jpg 1 0 0 225 225
p/ia_400000100.jpg 1 0 0 225 225
p/ia_400000094.jpg 1 0 0 259 194
p/ia_400000097.png 1 0 0 16 16
p/ia_400000096.jpg 1 0 0 216 233
p/ia_400000088.jpg 1 0 0 225 225
p/ia_400000092.jpg 1 0 0 311 162
p/ia_400000091.png 1 0 0 16 16
p/ia_400000090.jpg 1 0 0 318 159
p/ia_400000081.jpeg 1 0 0 225 225
p/ia_400000087.png 1 0 0 16 11
p/ia_400000086.jpeg 1 0 0 280 180
p/ia_400000085.jpeg 1 0 0 50 50
p/ia_400000084.jpeg 1 0 0 50 50
p/ia_400000083.jpeg 1 0 0 50 50
p/ia_400000079.jpeg 1 0 0 225 225
p/ia_400000080.png 1 0 0 16 16
p/ia_400000077.jpeg 1 0 0 275 183
p/ia_400000078.png 1 0 0 16 16
p/ia_400000075.jpeg 1 0 0 298 169
p/ia_400000076.png 1 0 0 16 16
p/ia_400000069.jpeg 1 0 0 275 183
p/ia_400000073.jpeg 1 0 0 225 225
p/ia_400000071.jpeg 1 0 0 225 225
p/ia_400000065.jpeg 1 0 0 299 168
p/ia_400000067.jpeg 1 0 0 194 259
p/ia_400000061.jpeg 1 0 0 225 225
p/ia_400000063.jpeg 1 0 0 225 225
p/ia_400000059.jpeg 1 0 0 194 259
p/ia_400000060.png 1 0 0 16 16
p/ia_400000057.jpeg 1 0 0 194 259
p/ia_400000055.jpeg 1 0 0 225 225
p/ia_400000047.jpeg 1 0 0 260 194
p/ia_400000053.jpeg 1 0 0 254 199
p/ia_400000051.jpeg 1 0 0 225 225
p/ia_400000049.png 1 0 0 194 259
p/ia_400000048.png 1 0 0 16 16
p/ia_400000045.jpeg 1 0 0 194 259
p/ia_400000041.jpeg 1 0 0 275 183
p/ia_400000043.jpeg 1 0 0 194 260
p/ia_400000039.jpeg 1 0 0 225 225
p/ia_400000037.jpeg 1 0 0 227 222
p/ia_400000035.jpeg 1 0 0 225 225
p/ia_400000010.jpg 1 0 0 46 46
p/ia_400000012.jpg 1 0 0 61 46
p/ia_400000011.jpg 1 0 0 46 57
p/ia_400000007.jpg 1 0 0 65 46
p/ia_400000009.jpg 1 0 0 46 71
p/ia_400000008.jpg 1 0 0 50 46
p/ia_400000005.jpeg 1 0 0 46 61
p/ia_400000006.jpg 1 0 0 88 46
p/ia_400000003.jpeg 1 0 0 47 46
p/ia_400000004.jpeg 1 0 0 46 46
p/ia_400000002.png 1 0 0 46 50
p/ia_400000001.jpeg 1 0 0 46 46
p/ia_400000000(1).jpg 1 0 0 32 32
p/ia_400000000.jpg 1 0 0 32 32